[ 2014-12-24T09:27:43+08:00 ] 127.0.0.1 /admin.php/
INFO: [ route_check ] --START--
INFO: CheckRoute Behavior ::run [ RunTime:0.054618s ]
INFO: [ route_check ] --END-- [ RunTime:0.054829s ]
INFO: [ app_begin ] --START--
INFO: ReadHtmlCache Behavior ::run [ RunTime:0.004167s ]
INFO: [ app_begin ] --END-- [ RunTime:0.004430s ]
INFO: [ view_parse ] --START--
INFO: ParseTemplate Behavior ::run [ RunTime:0.004999s ]
INFO: [ view_parse ] --END-- [ RunTime:0.005212s ]
INFO: [ view_filter ] --START--
NOTIC: [8] Use of undefined constant APP_TMPL_PATH - assumed 'APP_TMPL_PATH' D:\www\thinkphp3.1.3\lib\ThinkPHP\Lib\Behavior\ContentReplaceBehavior.class.php 第 40 行.
NOTIC: [8] Use of undefined constant APP_TMPL_PATH - assumed 'APP_TMPL_PATH' D:\www\thinkphp3.1.3\lib\ThinkPHP\Lib\Behavior\ContentReplaceBehavior.class.php 第 47 行.
INFO: ContentReplace Behavior ::run [ RunTime:0.002939s ]
INFO: TokenBuild Behavior ::run [ RunTime:0.002008s ]
INFO: WriteHtmlCache Behavior ::run [ RunTime:0.001631s ]
INFO: ShowRuntime Behavior ::run [ RunTime:0.001972s ]
INFO: [ view_filter ] --END-- [ RunTime:0.008866s ]
INFO: [ view_end ] --START--
INFO: ShowPageTrace Behavior ::run [ RunTime:0.002397s ]
INFO: [ view_end ] --END-- [ RunTime:0.002527s ]

