[ 2014-12-23T11:46:06+08:00 ] 127.0.0.1 /index.php/Article/show.html
INFO: [ route_check ] --START--
INFO: CheckRoute Behavior ::run [ RunTime:0.003926s ]
INFO: [ route_check ] --END-- [ RunTime:0.004124s ]
NOTIC: [2] array_walk_recursive() [<a href='function.array-walk-recursive'>function.array-walk-recursive</a>]: Unable to call filter_exp() - function does not exist D:\www\thinkphp3.1.3\lib\ThinkPHP\Lib\Core\App.class.php 第 57 行.
INFO: [ app_begin ] --START--
INFO: ReadHtmlCache Behavior ::run [ RunTime:0.126114s ]
INFO: [ app_begin ] --END-- [ RunTime:0.127335s ]
NOTIC: [2048] Declaration of ArticleAction::show() should be compatible with that of Action::show() D:\www\thinkphp3.1.3\chyy\Lib\Action\ArticleAction.class.php 第 12 行.
INFO: [ view_parse ] --START--
INFO: ParseTemplate Behavior ::run [ RunTime:0.323457s ]
INFO: [ view_parse ] --END-- [ RunTime:0.323604s ]
INFO: [ view_filter ] --START--
INFO: ContentReplace Behavior ::run [ RunTime:0.001980s ]
INFO: TokenBuild Behavior ::run [ RunTime:0.001964s ]
INFO: WriteHtmlCache Behavior ::run [ RunTime:0.001700s ]
INFO: ShowRuntime Behavior ::run [ RunTime:0.002032s ]
INFO: [ view_filter ] --END-- [ RunTime:0.008010s ]
INFO: [ view_end ] --START--
INFO: ShowPageTrace Behavior ::run [ RunTime:0.093839s ]
INFO: [ view_end ] --END-- [ RunTime:0.094120s ]

[ 2014-12-23T14:01:13+08:00 ] 127.0.0.1 /
INFO: [ app_begin ] --START--
INFO: ReadHtmlCache Behavior ::run [ RunTime:0.002686s ]
INFO: [ app_begin ] --END-- [ RunTime:0.015022s ]
INFO: [ view_parse ] --START--
INFO: ParseTemplate Behavior ::run [ RunTime:0.191564s ]
INFO: [ view_parse ] --END-- [ RunTime:0.191715s ]
INFO: [ view_filter ] --START--
INFO: ContentReplace Behavior ::run [ RunTime:0.005074s ]
INFO: TokenBuild Behavior ::run [ RunTime:0.004468s ]
INFO: WriteHtmlCache Behavior ::run [ RunTime:0.005037s ]
INFO: ShowRuntime Behavior ::run [ RunTime:0.001942s ]
INFO: [ view_filter ] --END-- [ RunTime:0.016908s ]
INFO: [ view_end ] --START--
INFO: ShowPageTrace Behavior ::run [ RunTime:0.003891s ]
INFO: [ view_end ] --END-- [ RunTime:0.004061s ]

[ 2014-12-23T15:22:37+08:00 ] 127.0.0.1 /index.php/Article/show.html
INFO: [ route_check ] --START--
INFO: CheckRoute Behavior ::run [ RunTime:0.238907s ]
INFO: [ route_check ] --END-- [ RunTime:0.239084s ]
NOTIC: [2] array_walk_recursive() [<a href='function.array-walk-recursive'>function.array-walk-recursive</a>]: Unable to call filter_exp() - function does not exist D:\www\thinkphp3.1.3\lib\ThinkPHP\Lib\Core\App.class.php 第 57 行.
INFO: [ app_begin ] --START--
INFO: ReadHtmlCache Behavior ::run [ RunTime:0.004199s ]
INFO: [ app_begin ] --END-- [ RunTime:0.004398s ]
NOTIC: [2048] Declaration of ArticleAction::show() should be compatible with that of Action::show() D:\www\thinkphp3.1.3\chyy\Lib\Action\ArticleAction.class.php 第 12 行.
INFO: [ view_parse ] --START--
INFO: ParseTemplate Behavior ::run [ RunTime:0.113229s ]
INFO: [ view_parse ] --END-- [ RunTime:0.113446s ]
INFO: [ view_filter ] --START--
INFO: ContentReplace Behavior ::run [ RunTime:0.002379s ]
INFO: TokenBuild Behavior ::run [ RunTime:0.002054s ]
INFO: WriteHtmlCache Behavior ::run [ RunTime:0.002151s ]
INFO: ShowRuntime Behavior ::run [ RunTime:0.004429s ]
INFO: [ view_filter ] --END-- [ RunTime:0.011534s ]
INFO: [ view_end ] --START--
INFO: ShowPageTrace Behavior ::run [ RunTime:0.018024s ]
INFO: [ view_end ] --END-- [ RunTime:0.018272s ]

[ 2014-12-23T16:51:02+08:00 ] 127.0.0.1 /
INFO: [ app_begin ] --START--
INFO: ReadHtmlCache Behavior ::run [ RunTime:0.007806s ]
INFO: [ app_begin ] --END-- [ RunTime:0.040505s ]
INFO: [ view_parse ] --START--
INFO: ParseTemplate Behavior ::run [ RunTime:0.060278s ]
INFO: [ view_parse ] --END-- [ RunTime:0.060411s ]
INFO: [ view_filter ] --START--
INFO: ContentReplace Behavior ::run [ RunTime:0.001792s ]
INFO: TokenBuild Behavior ::run [ RunTime:0.001611s ]
INFO: WriteHtmlCache Behavior ::run [ RunTime:0.001360s ]
INFO: ShowRuntime Behavior ::run [ RunTime:0.002323s ]
INFO: [ view_filter ] --END-- [ RunTime:0.007293s ]
INFO: [ view_end ] --START--
INFO: ShowPageTrace Behavior ::run [ RunTime:0.002198s ]
INFO: [ view_end ] --END-- [ RunTime:0.002339s ]

[ 2014-12-23T16:59:57+08:00 ] 127.0.0.1 /
INFO: [ app_begin ] --START--
INFO: ReadHtmlCache Behavior ::run [ RunTime:0.002238s ]
INFO: [ app_begin ] --END-- [ RunTime:0.002396s ]
INFO: [ view_parse ] --START--
INFO: ParseTemplate Behavior ::run [ RunTime:0.028227s ]
INFO: [ view_parse ] --END-- [ RunTime:0.028402s ]
INFO: [ view_filter ] --START--
INFO: ContentReplace Behavior ::run [ RunTime:0.001731s ]
INFO: TokenBuild Behavior ::run [ RunTime:0.001554s ]
INFO: WriteHtmlCache Behavior ::run [ RunTime:0.001817s ]
INFO: ShowRuntime Behavior ::run [ RunTime:0.001944s ]
INFO: [ view_filter ] --END-- [ RunTime:0.007434s ]
INFO: [ view_end ] --START--
INFO: ShowPageTrace Behavior ::run [ RunTime:0.008421s ]
INFO: [ view_end ] --END-- [ RunTime:0.008666s ]

[ 2014-12-23T17:00:09+08:00 ] 127.0.0.1 /index.php/Article/show.html
INFO: [ route_check ] --START--
INFO: CheckRoute Behavior ::run [ RunTime:0.068919s ]
INFO: [ route_check ] --END-- [ RunTime:0.069031s ]
NOTIC: [2] array_walk_recursive() [<a href='function.array-walk-recursive'>function.array-walk-recursive</a>]: Unable to call filter_exp() - function does not exist D:\www\thinkphp3.1.3\lib\ThinkPHP\Lib\Core\App.class.php 第 57 行.
INFO: [ app_begin ] --START--
INFO: ReadHtmlCache Behavior ::run [ RunTime:0.000645s ]
INFO: [ app_begin ] --END-- [ RunTime:0.000715s ]
NOTIC: [2048] Declaration of ArticleAction::show() should be compatible with that of Action::show() D:\www\thinkphp3.1.3\chyy\Lib\Action\ArticleAction.class.php 第 12 行.
INFO: [ view_parse ] --START--
INFO: ParseTemplate Behavior ::run [ RunTime:0.015098s ]
INFO: [ view_parse ] --END-- [ RunTime:0.015202s ]
INFO: [ view_filter ] --START--
INFO: ContentReplace Behavior ::run [ RunTime:0.000462s ]
INFO: TokenBuild Behavior ::run [ RunTime:0.000406s ]
INFO: WriteHtmlCache Behavior ::run [ RunTime:0.001064s ]
INFO: ShowRuntime Behavior ::run [ RunTime:0.000967s ]
INFO: [ view_filter ] --END-- [ RunTime:0.003284s ]
INFO: [ view_end ] --START--
INFO: ShowPageTrace Behavior ::run [ RunTime:0.001322s ]
INFO: [ view_end ] --END-- [ RunTime:0.001503s ]

[ 2014-12-23T17:02:54+08:00 ] 127.0.0.1 /index.php/Article/show.html
INFO: [ route_check ] --START--
INFO: CheckRoute Behavior ::run [ RunTime:0.002821s ]
INFO: [ route_check ] --END-- [ RunTime:0.002970s ]
NOTIC: [2] array_walk_recursive() [<a href='function.array-walk-recursive'>function.array-walk-recursive</a>]: Unable to call filter_exp() - function does not exist D:\www\thinkphp3.1.3\lib\ThinkPHP\Lib\Core\App.class.php 第 57 行.
INFO: [ app_begin ] --START--
INFO: ReadHtmlCache Behavior ::run [ RunTime:0.002161s ]
INFO: [ app_begin ] --END-- [ RunTime:0.002291s ]
NOTIC: [2048] Declaration of ArticleAction::show() should be compatible with that of Action::show() D:\www\thinkphp3.1.3\chyy\Lib\Action\ArticleAction.class.php 第 12 行.
INFO: [ view_parse ] --START--
INFO: ParseTemplate Behavior ::run [ RunTime:0.038053s ]
INFO: [ view_parse ] --END-- [ RunTime:0.038240s ]
INFO: [ view_filter ] --START--
INFO: ContentReplace Behavior ::run [ RunTime:0.002112s ]
INFO: TokenBuild Behavior ::run [ RunTime:0.001935s ]
INFO: WriteHtmlCache Behavior ::run [ RunTime:0.001691s ]
INFO: ShowRuntime Behavior ::run [ RunTime:0.002372s ]
INFO: [ view_filter ] --END-- [ RunTime:0.008449s ]
INFO: [ view_end ] --START--
INFO: ShowPageTrace Behavior ::run [ RunTime:0.002442s ]
INFO: [ view_end ] --END-- [ RunTime:0.002578s ]

[ 2014-12-23T17:05:25+08:00 ] 127.0.0.1 /index.php/Article/show.html
INFO: [ route_check ] --START--
INFO: CheckRoute Behavior ::run [ RunTime:0.002579s ]
INFO: [ route_check ] --END-- [ RunTime:0.002838s ]
NOTIC: [2] array_walk_recursive() [<a href='function.array-walk-recursive'>function.array-walk-recursive</a>]: Unable to call filter_exp() - function does not exist D:\www\thinkphp3.1.3\lib\ThinkPHP\Lib\Core\App.class.php 第 57 行.
INFO: [ app_begin ] --START--
INFO: ReadHtmlCache Behavior ::run [ RunTime:0.001350s ]
INFO: [ app_begin ] --END-- [ RunTime:0.001443s ]
NOTIC: [2048] Declaration of ArticleAction::show() should be compatible with that of Action::show() D:\www\thinkphp3.1.3\chyy\Lib\Action\ArticleAction.class.php 第 12 行.
INFO: [ view_parse ] --START--
INFO: ParseTemplate Behavior ::run [ RunTime:0.029944s ]
INFO: [ view_parse ] --END-- [ RunTime:0.030074s ]
INFO: [ view_filter ] --START--
INFO: ContentReplace Behavior ::run [ RunTime:0.001174s ]
INFO: TokenBuild Behavior ::run [ RunTime:0.001076s ]
INFO: WriteHtmlCache Behavior ::run [ RunTime:0.001130s ]
INFO: ShowRuntime Behavior ::run [ RunTime:0.002435s ]
INFO: [ view_filter ] --END-- [ RunTime:0.006136s ]
INFO: [ view_end ] --START--
INFO: ShowPageTrace Behavior ::run [ RunTime:0.001851s ]
INFO: [ view_end ] --END-- [ RunTime:0.001944s ]

[ 2014-12-23T17:05:47+08:00 ] 127.0.0.1 /index.php/Article/show.html
INFO: [ route_check ] --START--
INFO: CheckRoute Behavior ::run [ RunTime:0.000929s ]
INFO: [ route_check ] --END-- [ RunTime:0.001017s ]
NOTIC: [2] array_walk_recursive() [<a href='function.array-walk-recursive'>function.array-walk-recursive</a>]: Unable to call filter_exp() - function does not exist D:\www\thinkphp3.1.3\lib\ThinkPHP\Lib\Core\App.class.php 第 57 行.
INFO: [ app_begin ] --START--
INFO: ReadHtmlCache Behavior ::run [ RunTime:0.000592s ]
INFO: [ app_begin ] --END-- [ RunTime:0.000658s ]
NOTIC: [2048] Declaration of ArticleAction::show() should be compatible with that of Action::show() D:\www\thinkphp3.1.3\chyy\Lib\Action\ArticleAction.class.php 第 12 行.
INFO: [ view_parse ] --START--
INFO: ParseTemplate Behavior ::run [ RunTime:0.016185s ]
INFO: [ view_parse ] --END-- [ RunTime:0.016292s ]
INFO: [ view_filter ] --START--
INFO: ContentReplace Behavior ::run [ RunTime:0.000486s ]
INFO: TokenBuild Behavior ::run [ RunTime:0.000481s ]
INFO: WriteHtmlCache Behavior ::run [ RunTime:0.001876s ]
INFO: ShowRuntime Behavior ::run [ RunTime:0.000612s ]
INFO: [ view_filter ] --END-- [ RunTime:0.003678s ]
INFO: [ view_end ] --START--
INFO: ShowPageTrace Behavior ::run [ RunTime:0.000784s ]
INFO: [ view_end ] --END-- [ RunTime:0.000872s ]

[ 2014-12-23T17:09:05+08:00 ] 127.0.0.1 /index.php/Article/show.html
INFO: [ route_check ] --START--
INFO: CheckRoute Behavior ::run [ RunTime:0.005413s ]
INFO: [ route_check ] --END-- [ RunTime:0.005639s ]
NOTIC: [2] array_walk_recursive() [<a href='function.array-walk-recursive'>function.array-walk-recursive</a>]: Unable to call filter_exp() - function does not exist D:\www\thinkphp3.1.3\lib\ThinkPHP\Lib\Core\App.class.php 第 57 行.
INFO: [ app_begin ] --START--
INFO: ReadHtmlCache Behavior ::run [ RunTime:0.001558s ]
INFO: [ app_begin ] --END-- [ RunTime:0.001670s ]
NOTIC: [2048] Declaration of ArticleAction::show() should be compatible with that of Action::show() D:\www\thinkphp3.1.3\chyy\Lib\Action\ArticleAction.class.php 第 12 行.
INFO: [ view_parse ] --START--
INFO: ParseTemplate Behavior ::run [ RunTime:0.026673s ]
INFO: [ view_parse ] --END-- [ RunTime:0.026807s ]
INFO: [ view_filter ] --START--
INFO: ContentReplace Behavior ::run [ RunTime:0.001434s ]
INFO: TokenBuild Behavior ::run [ RunTime:0.001303s ]
INFO: WriteHtmlCache Behavior ::run [ RunTime:0.001156s ]
INFO: ShowRuntime Behavior ::run [ RunTime:0.001418s ]
INFO: [ view_filter ] --END-- [ RunTime:0.005553s ]
INFO: [ view_end ] --START--
INFO: ShowPageTrace Behavior ::run [ RunTime:0.001748s ]
INFO: [ view_end ] --END-- [ RunTime:0.001877s ]

[ 2014-12-23T17:18:48+08:00 ] 127.0.0.1 /index.php/Article/show.html
INFO: [ route_check ] --START--
INFO: CheckRoute Behavior ::run [ RunTime:0.002440s ]
INFO: [ route_check ] --END-- [ RunTime:0.002567s ]
NOTIC: [2] array_walk_recursive() [<a href='function.array-walk-recursive'>function.array-walk-recursive</a>]: Unable to call filter_exp() - function does not exist D:\www\thinkphp3.1.3\lib\ThinkPHP\Lib\Core\App.class.php 第 57 行.
INFO: [ app_begin ] --START--
INFO: ReadHtmlCache Behavior ::run [ RunTime:0.001387s ]
INFO: [ app_begin ] --END-- [ RunTime:0.001464s ]
NOTIC: [2048] Declaration of ArticleAction::show() should be compatible with that of Action::show() D:\www\thinkphp3.1.3\chyy\Lib\Action\ArticleAction.class.php 第 12 行.
INFO: [ view_parse ] --START--
INFO: ParseTemplate Behavior ::run [ RunTime:0.042798s ]
INFO: [ view_parse ] --END-- [ RunTime:0.042909s ]
INFO: [ view_filter ] --START--
INFO: ContentReplace Behavior ::run [ RunTime:0.001332s ]
INFO: TokenBuild Behavior ::run [ RunTime:0.001106s ]
INFO: WriteHtmlCache Behavior ::run [ RunTime:0.000938s ]
INFO: ShowRuntime Behavior ::run [ RunTime:0.001202s ]
INFO: [ view_filter ] --END-- [ RunTime:0.004778s ]
INFO: [ view_end ] --START--
INFO: ShowPageTrace Behavior ::run [ RunTime:0.003051s ]
INFO: [ view_end ] --END-- [ RunTime:0.003162s ]

[ 2014-12-23T17:19:03+08:00 ] 127.0.0.1 /index.php/Article/show.html
INFO: [ route_check ] --START--
INFO: CheckRoute Behavior ::run [ RunTime:0.003166s ]
INFO: [ route_check ] --END-- [ RunTime:0.003753s ]
NOTIC: [2] array_walk_recursive() [<a href='function.array-walk-recursive'>function.array-walk-recursive</a>]: Unable to call filter_exp() - function does not exist D:\www\thinkphp3.1.3\lib\ThinkPHP\Lib\Core\App.class.php 第 57 行.
INFO: [ app_begin ] --START--
INFO: ReadHtmlCache Behavior ::run [ RunTime:0.001278s ]
INFO: [ app_begin ] --END-- [ RunTime:0.001352s ]
NOTIC: [2048] Declaration of ArticleAction::show() should be compatible with that of Action::show() D:\www\thinkphp3.1.3\chyy\Lib\Action\ArticleAction.class.php 第 12 行.
INFO: [ view_parse ] --START--
INFO: ParseTemplate Behavior ::run [ RunTime:0.031570s ]
INFO: [ view_parse ] --END-- [ RunTime:0.031680s ]
INFO: [ view_filter ] --START--
INFO: ContentReplace Behavior ::run [ RunTime:0.001303s ]
INFO: TokenBuild Behavior ::run [ RunTime:0.001113s ]
INFO: WriteHtmlCache Behavior ::run [ RunTime:0.000918s ]
INFO: ShowRuntime Behavior ::run [ RunTime:0.001189s ]
INFO: [ view_filter ] --END-- [ RunTime:0.004716s ]
INFO: [ view_end ] --START--
INFO: ShowPageTrace Behavior ::run [ RunTime:0.001492s ]
INFO: [ view_end ] --END-- [ RunTime:0.001579s ]

[ 2014-12-23T17:20:50+08:00 ] 127.0.0.1 /index.php/Article/show.html
INFO: [ route_check ] --START--
INFO: CheckRoute Behavior ::run [ RunTime:0.001886s ]
INFO: [ route_check ] --END-- [ RunTime:0.002050s ]
NOTIC: [2] array_walk_recursive() [<a href='function.array-walk-recursive'>function.array-walk-recursive</a>]: Unable to call filter_exp() - function does not exist D:\www\thinkphp3.1.3\lib\ThinkPHP\Lib\Core\App.class.php 第 57 行.
INFO: [ app_begin ] --START--
INFO: ReadHtmlCache Behavior ::run [ RunTime:0.001355s ]
INFO: [ app_begin ] --END-- [ RunTime:0.001451s ]
NOTIC: [2048] Declaration of ArticleAction::show() should be compatible with that of Action::show() D:\www\thinkphp3.1.3\chyy\Lib\Action\ArticleAction.class.php 第 12 行.
INFO: [ view_parse ] --START--
INFO: ParseTemplate Behavior ::run [ RunTime:0.035667s ]
INFO: [ view_parse ] --END-- [ RunTime:0.035776s ]
INFO: [ view_filter ] --START--
INFO: ContentReplace Behavior ::run [ RunTime:0.001691s ]
INFO: TokenBuild Behavior ::run [ RunTime:0.002646s ]
INFO: WriteHtmlCache Behavior ::run [ RunTime:0.001029s ]
INFO: ShowRuntime Behavior ::run [ RunTime:0.001215s ]
INFO: [ view_filter ] --END-- [ RunTime:0.006805s ]
INFO: [ view_end ] --START--
INFO: ShowPageTrace Behavior ::run [ RunTime:0.001687s ]
INFO: [ view_end ] --END-- [ RunTime:0.001770s ]

[ 2014-12-23T17:23:18+08:00 ] 127.0.0.1 /index.php/Article/show.html
INFO: [ route_check ] --START--
INFO: CheckRoute Behavior ::run [ RunTime:0.004729s ]
INFO: [ route_check ] --END-- [ RunTime:0.005012s ]
NOTIC: [2] array_walk_recursive() [<a href='function.array-walk-recursive'>function.array-walk-recursive</a>]: Unable to call filter_exp() - function does not exist D:\www\thinkphp3.1.3\lib\ThinkPHP\Lib\Core\App.class.php 第 57 行.
INFO: [ app_begin ] --START--
INFO: ReadHtmlCache Behavior ::run [ RunTime:0.002903s ]
INFO: [ app_begin ] --END-- [ RunTime:0.003068s ]
NOTIC: [2048] Declaration of ArticleAction::show() should be compatible with that of Action::show() D:\www\thinkphp3.1.3\chyy\Lib\Action\ArticleAction.class.php 第 12 行.
INFO: [ view_parse ] --START--
INFO: ParseTemplate Behavior ::run [ RunTime:0.062100s ]
INFO: [ view_parse ] --END-- [ RunTime:0.062245s ]
INFO: [ view_filter ] --START--
INFO: ContentReplace Behavior ::run [ RunTime:0.001858s ]
INFO: TokenBuild Behavior ::run [ RunTime:0.001623s ]
INFO: WriteHtmlCache Behavior ::run [ RunTime:0.001332s ]
INFO: ShowRuntime Behavior ::run [ RunTime:0.001702s ]
INFO: [ view_filter ] --END-- [ RunTime:0.006790s ]
INFO: [ view_end ] --START--
INFO: ShowPageTrace Behavior ::run [ RunTime:0.002194s ]
INFO: [ view_end ] --END-- [ RunTime:0.002308s ]

[ 2014-12-23T17:23:43+08:00 ] 127.0.0.1 /index.php/Article/show.html
INFO: [ route_check ] --START--
INFO: CheckRoute Behavior ::run [ RunTime:0.004585s ]
INFO: [ route_check ] --END-- [ RunTime:0.004779s ]
NOTIC: [2] array_walk_recursive() [<a href='function.array-walk-recursive'>function.array-walk-recursive</a>]: Unable to call filter_exp() - function does not exist D:\www\thinkphp3.1.3\lib\ThinkPHP\Lib\Core\App.class.php 第 57 行.
INFO: [ app_begin ] --START--
INFO: ReadHtmlCache Behavior ::run [ RunTime:0.003589s ]
INFO: [ app_begin ] --END-- [ RunTime:0.003821s ]
NOTIC: [2048] Declaration of ArticleAction::show() should be compatible with that of Action::show() D:\www\thinkphp3.1.3\chyy\Lib\Action\ArticleAction.class.php 第 12 行.
INFO: [ view_parse ] --START--
INFO: ParseTemplate Behavior ::run [ RunTime:0.034987s ]
INFO: [ view_parse ] --END-- [ RunTime:0.035127s ]
INFO: [ view_filter ] --START--
INFO: ContentReplace Behavior ::run [ RunTime:0.001331s ]
INFO: TokenBuild Behavior ::run [ RunTime:0.001103s ]
INFO: WriteHtmlCache Behavior ::run [ RunTime:0.000927s ]
INFO: ShowRuntime Behavior ::run [ RunTime:0.001184s ]
INFO: [ view_filter ] --END-- [ RunTime:0.004744s ]
INFO: [ view_end ] --START--
INFO: ShowPageTrace Behavior ::run [ RunTime:0.001456s ]
INFO: [ view_end ] --END-- [ RunTime:0.001542s ]

[ 2014-12-23T17:24:05+08:00 ] 127.0.0.1 /index.php/Article/show.html
INFO: [ route_check ] --START--
INFO: CheckRoute Behavior ::run [ RunTime:0.001608s ]
INFO: [ route_check ] --END-- [ RunTime:0.001759s ]
NOTIC: [2] array_walk_recursive() [<a href='function.array-walk-recursive'>function.array-walk-recursive</a>]: Unable to call filter_exp() - function does not exist D:\www\thinkphp3.1.3\lib\ThinkPHP\Lib\Core\App.class.php 第 57 行.
INFO: [ app_begin ] --START--
INFO: ReadHtmlCache Behavior ::run [ RunTime:0.001040s ]
INFO: [ app_begin ] --END-- [ RunTime:0.001150s ]
NOTIC: [2048] Declaration of ArticleAction::show() should be compatible with that of Action::show() D:\www\thinkphp3.1.3\chyy\Lib\Action\ArticleAction.class.php 第 12 行.
INFO: [ view_parse ] --START--
INFO: ParseTemplate Behavior ::run [ RunTime:0.024292s ]
INFO: [ view_parse ] --END-- [ RunTime:0.024444s ]
INFO: [ view_filter ] --START--
INFO: ContentReplace Behavior ::run [ RunTime:0.000750s ]
INFO: TokenBuild Behavior ::run [ RunTime:0.000678s ]
INFO: WriteHtmlCache Behavior ::run [ RunTime:0.000437s ]
INFO: ShowRuntime Behavior ::run [ RunTime:0.000950s ]
INFO: [ view_filter ] --END-- [ RunTime:0.003118s ]
INFO: [ view_end ] --START--
INFO: ShowPageTrace Behavior ::run [ RunTime:0.001261s ]
INFO: [ view_end ] --END-- [ RunTime:0.001418s ]

