[ 2014-12-25T09:45:14+08:00 ] 127.0.0.1 /
INFO: [ app_begin ] --START--
INFO: ReadHtmlCache Behavior ::run [ RunTime:0.002226s ]
INFO: [ app_begin ] --END-- [ RunTime:0.002367s ]
INFO: [ view_parse ] --START--
INFO: ParseTemplate Behavior ::run [ RunTime:0.033374s ]
INFO: [ view_parse ] --END-- [ RunTime:0.033482s ]
INFO: [ view_filter ] --START--
INFO: ContentReplace Behavior ::run [ RunTime:0.001278s ]
INFO: TokenBuild Behavior ::run [ RunTime:0.001489s ]
INFO: WriteHtmlCache Behavior ::run [ RunTime:0.001204s ]
INFO: ShowRuntime Behavior ::run [ RunTime:0.002350s ]
INFO: [ view_filter ] --END-- [ RunTime:0.006605s ]
INFO: [ view_end ] --START--
INFO: ShowPageTrace Behavior ::run [ RunTime:0.002786s ]
INFO: [ view_end ] --END-- [ RunTime:0.003239s ]

[ 2014-12-25T09:59:08+08:00 ] 127.0.0.1 /
INFO: [ app_begin ] --START--
INFO: ReadHtmlCache Behavior ::run [ RunTime:0.001374s ]
INFO: [ app_begin ] --END-- [ RunTime:0.001473s ]
INFO: [ view_parse ] --START--
INFO: ParseTemplate Behavior ::run [ RunTime:0.033105s ]
INFO: [ view_parse ] --END-- [ RunTime:0.033205s ]
INFO: [ view_filter ] --START--
INFO: ContentReplace Behavior ::run [ RunTime:0.001336s ]
INFO: TokenBuild Behavior ::run [ RunTime:0.001174s ]
INFO: WriteHtmlCache Behavior ::run [ RunTime:0.001035s ]
INFO: ShowRuntime Behavior ::run [ RunTime:0.003408s ]
INFO: [ view_filter ] --END-- [ RunTime:0.007181s ]
INFO: [ view_end ] --START--
INFO: ShowPageTrace Behavior ::run [ RunTime:0.003286s ]
INFO: [ view_end ] --END-- [ RunTime:0.003425s ]

[ 2014-12-25T09:59:11+08:00 ] 127.0.0.1 /index.php/Oauth/qq_login
INFO: [ route_check ] --START--
INFO: CheckRoute Behavior ::run [ RunTime:0.001901s ]
INFO: [ route_check ] --END-- [ RunTime:0.002006s ]
NOTIC: [2] array_walk_recursive() [<a href='function.array-walk-recursive'>function.array-walk-recursive</a>]: Unable to call filter_exp() - function does not exist D:\www\thinkphp3.1.3\lib\ThinkPHP\Lib\Core\App.class.php 第 57 行.
INFO: [ app_begin ] --START--
INFO: ReadHtmlCache Behavior ::run [ RunTime:0.000818s ]
INFO: [ app_begin ] --END-- [ RunTime:0.000898s ]

[ 2014-12-25T10:09:11+08:00 ] 127.0.0.1 /
INFO: [ app_begin ] --START--
INFO: ReadHtmlCache Behavior ::run [ RunTime:0.001395s ]
INFO: [ app_begin ] --END-- [ RunTime:0.001492s ]
INFO: [ view_parse ] --START--
INFO: ParseTemplate Behavior ::run [ RunTime:0.026398s ]
INFO: [ view_parse ] --END-- [ RunTime:0.026573s ]
INFO: [ view_filter ] --START--
INFO: ContentReplace Behavior ::run [ RunTime:0.001359s ]
INFO: TokenBuild Behavior ::run [ RunTime:0.001138s ]
INFO: WriteHtmlCache Behavior ::run [ RunTime:0.000996s ]
INFO: ShowRuntime Behavior ::run [ RunTime:0.001466s ]
INFO: [ view_filter ] --END-- [ RunTime:0.005252s ]
INFO: [ view_end ] --START--
INFO: ShowPageTrace Behavior ::run [ RunTime:0.004188s ]
INFO: [ view_end ] --END-- [ RunTime:0.004376s ]

[ 2014-12-25T10:09:14+08:00 ] 127.0.0.1 /index.php/Oauth/qq_login
INFO: [ route_check ] --START--
INFO: CheckRoute Behavior ::run [ RunTime:0.002572s ]
INFO: [ route_check ] --END-- [ RunTime:0.002862s ]
NOTIC: [2] array_walk_recursive() [<a href='function.array-walk-recursive'>function.array-walk-recursive</a>]: Unable to call filter_exp() - function does not exist D:\www\thinkphp3.1.3\lib\ThinkPHP\Lib\Core\App.class.php 第 57 行.
INFO: [ app_begin ] --START--
INFO: ReadHtmlCache Behavior ::run [ RunTime:0.001203s ]
INFO: [ app_begin ] --END-- [ RunTime:0.001321s ]

[ 2014-12-25T10:16:39+08:00 ] 127.0.0.1 /
INFO: [ app_begin ] --START--
INFO: ReadHtmlCache Behavior ::run [ RunTime:0.001338s ]
INFO: [ app_begin ] --END-- [ RunTime:0.001435s ]
INFO: [ view_parse ] --START--
INFO: ParseTemplate Behavior ::run [ RunTime:0.025206s ]
INFO: [ view_parse ] --END-- [ RunTime:0.025304s ]
INFO: [ view_filter ] --START--
INFO: ContentReplace Behavior ::run [ RunTime:0.001208s ]
INFO: TokenBuild Behavior ::run [ RunTime:0.001095s ]
INFO: WriteHtmlCache Behavior ::run [ RunTime:0.000950s ]
INFO: ShowRuntime Behavior ::run [ RunTime:0.001198s ]
INFO: [ view_filter ] --END-- [ RunTime:0.004641s ]
INFO: [ view_end ] --START--
INFO: ShowPageTrace Behavior ::run [ RunTime:0.001938s ]
INFO: [ view_end ] --END-- [ RunTime:0.002036s ]

[ 2014-12-25T10:16:41+08:00 ] 127.0.0.1 /index.php/Oauth/qq_login
INFO: [ route_check ] --START--
INFO: CheckRoute Behavior ::run [ RunTime:0.002925s ]
INFO: [ route_check ] --END-- [ RunTime:0.003146s ]
NOTIC: [2] array_walk_recursive() [<a href='function.array-walk-recursive'>function.array-walk-recursive</a>]: Unable to call filter_exp() - function does not exist D:\www\thinkphp3.1.3\lib\ThinkPHP\Lib\Core\App.class.php 第 57 行.
INFO: [ app_begin ] --START--
INFO: ReadHtmlCache Behavior ::run [ RunTime:0.000721s ]
INFO: [ app_begin ] --END-- [ RunTime:0.000805s ]

[ 2014-12-25T10:17:13+08:00 ] 127.0.0.1 /
INFO: [ app_begin ] --START--
INFO: ReadHtmlCache Behavior ::run [ RunTime:0.000730s ]
INFO: [ app_begin ] --END-- [ RunTime:0.001075s ]
INFO: [ view_parse ] --START--
INFO: ParseTemplate Behavior ::run [ RunTime:0.022665s ]
INFO: [ view_parse ] --END-- [ RunTime:0.022827s ]
INFO: [ view_filter ] --START--
INFO: ContentReplace Behavior ::run [ RunTime:0.000588s ]
INFO: TokenBuild Behavior ::run [ RunTime:0.000444s ]
INFO: WriteHtmlCache Behavior ::run [ RunTime:0.000353s ]
INFO: ShowRuntime Behavior ::run [ RunTime:0.001867s ]
INFO: [ view_filter ] --END-- [ RunTime:0.003491s ]
INFO: [ view_end ] --START--
INFO: ShowPageTrace Behavior ::run [ RunTime:0.001454s ]
INFO: [ view_end ] --END-- [ RunTime:0.001648s ]

[ 2014-12-25T10:17:17+08:00 ] 127.0.0.1 /index.php/Oauth/qq_login
INFO: [ route_check ] --START--
INFO: CheckRoute Behavior ::run [ RunTime:0.001016s ]
INFO: [ route_check ] --END-- [ RunTime:0.001115s ]
NOTIC: [2] array_walk_recursive() [<a href='function.array-walk-recursive'>function.array-walk-recursive</a>]: Unable to call filter_exp() - function does not exist D:\www\thinkphp3.1.3\lib\ThinkPHP\Lib\Core\App.class.php 第 57 行.
INFO: [ app_begin ] --START--
INFO: ReadHtmlCache Behavior ::run [ RunTime:0.000640s ]
INFO: [ app_begin ] --END-- [ RunTime:0.000713s ]

[ 2014-12-25T10:36:46+08:00 ] 127.0.0.1 /
INFO: [ app_begin ] --START--
INFO: ReadHtmlCache Behavior ::run [ RunTime:0.002619s ]
INFO: [ app_begin ] --END-- [ RunTime:0.002730s ]
INFO: [ view_parse ] --START--
INFO: ParseTemplate Behavior ::run [ RunTime:0.022194s ]
INFO: [ view_parse ] --END-- [ RunTime:0.022300s ]
INFO: [ view_filter ] --START--
INFO: ContentReplace Behavior ::run [ RunTime:0.001294s ]
INFO: TokenBuild Behavior ::run [ RunTime:0.001515s ]
INFO: WriteHtmlCache Behavior ::run [ RunTime:0.001068s ]
INFO: ShowRuntime Behavior ::run [ RunTime:0.001285s ]
INFO: [ view_filter ] --END-- [ RunTime:0.005392s ]
INFO: [ view_end ] --START--
INFO: ShowPageTrace Behavior ::run [ RunTime:0.001937s ]
INFO: [ view_end ] --END-- [ RunTime:0.002056s ]

[ 2014-12-25T10:36:49+08:00 ] 127.0.0.1 /index.php/Oauthclass/qq_login
INFO: [ route_check ] --START--
INFO: CheckRoute Behavior ::run [ RunTime:0.002114s ]
INFO: [ route_check ] --END-- [ RunTime:0.002238s ]
NOTIC: [2] array_walk_recursive() [<a href='function.array-walk-recursive'>function.array-walk-recursive</a>]: Unable to call filter_exp() - function does not exist D:\www\thinkphp3.1.3\lib\ThinkPHP\Lib\Core\App.class.php 第 57 行.
INFO: [ app_begin ] --START--
INFO: ReadHtmlCache Behavior ::run [ RunTime:0.003876s ]
INFO: [ app_begin ] --END-- [ RunTime:0.003965s ]
NOTIC: [2] Cannot modify header information - headers already sent by (output started at D:\www\thinkphp3.1.3\chyy\Lib\Action\OauthclassAction.class.php:1) D:\www\thinkphp3.1.3\chyy\Lib\Action\OauthclassAction.class.php 第 146 行.

[ 2014-12-25T10:38:28+08:00 ] 127.0.0.1 /
INFO: [ app_begin ] --START--
INFO: ReadHtmlCache Behavior ::run [ RunTime:0.000964s ]
INFO: [ app_begin ] --END-- [ RunTime:0.001119s ]
INFO: [ view_parse ] --START--
INFO: ParseTemplate Behavior ::run [ RunTime:0.019327s ]
INFO: [ view_parse ] --END-- [ RunTime:0.019429s ]
INFO: [ view_filter ] --START--
INFO: ContentReplace Behavior ::run [ RunTime:0.000594s ]
INFO: TokenBuild Behavior ::run [ RunTime:0.000608s ]
INFO: WriteHtmlCache Behavior ::run [ RunTime:0.000306s ]
INFO: ShowRuntime Behavior ::run [ RunTime:0.000741s ]
INFO: [ view_filter ] --END-- [ RunTime:0.002452s ]
INFO: [ view_end ] --START--
INFO: ShowPageTrace Behavior ::run [ RunTime:0.000798s ]
INFO: [ view_end ] --END-- [ RunTime:0.000883s ]

[ 2014-12-25T10:38:30+08:00 ] 127.0.0.1 /index.php/Oauths/qq_login
INFO: [ route_check ] --START--
INFO: CheckRoute Behavior ::run [ RunTime:0.001032s ]
INFO: [ route_check ] --END-- [ RunTime:0.001142s ]
NOTIC: [2] array_walk_recursive() [<a href='function.array-walk-recursive'>function.array-walk-recursive</a>]: Unable to call filter_exp() - function does not exist D:\www\thinkphp3.1.3\lib\ThinkPHP\Lib\Core\App.class.php 第 57 行.
INFO: [ app_begin ] --START--
INFO: ReadHtmlCache Behavior ::run [ RunTime:0.000653s ]
INFO: [ app_begin ] --END-- [ RunTime:0.000724s ]
NOTIC: [2] Cannot modify header information - headers already sent by (output started at D:\www\thinkphp3.1.3\chyy\Lib\Action\OauthsAction.class.php:1) D:\www\thinkphp3.1.3\chyy\Lib\Action\OauthsAction.class.php 第 146 行.

[ 2014-12-25T10:38:53+08:00 ] 127.0.0.1 /
INFO: [ app_begin ] --START--
INFO: ReadHtmlCache Behavior ::run [ RunTime:0.001719s ]
INFO: [ app_begin ] --END-- [ RunTime:0.001896s ]
INFO: [ view_parse ] --START--
INFO: ParseTemplate Behavior ::run [ RunTime:0.024633s ]
INFO: [ view_parse ] --END-- [ RunTime:0.024739s ]
INFO: [ view_filter ] --START--
INFO: ContentReplace Behavior ::run [ RunTime:0.001866s ]
INFO: TokenBuild Behavior ::run [ RunTime:0.002009s ]
INFO: WriteHtmlCache Behavior ::run [ RunTime:0.000992s ]
INFO: ShowRuntime Behavior ::run [ RunTime:0.002364s ]
INFO: [ view_filter ] --END-- [ RunTime:0.007487s ]
INFO: [ view_end ] --START--
INFO: ShowPageTrace Behavior ::run [ RunTime:0.001639s ]
INFO: [ view_end ] --END-- [ RunTime:0.001743s ]

[ 2014-12-25T10:38:53+08:00 ] 127.0.0.1 /
INFO: [ app_begin ] --START--
INFO: ReadHtmlCache Behavior ::run [ RunTime:0.001410s ]
INFO: [ app_begin ] --END-- [ RunTime:0.001523s ]
INFO: [ view_parse ] --START--
INFO: ParseTemplate Behavior ::run [ RunTime:0.031968s ]
INFO: [ view_parse ] --END-- [ RunTime:0.032121s ]
INFO: [ view_filter ] --START--
INFO: ContentReplace Behavior ::run [ RunTime:0.002683s ]
INFO: TokenBuild Behavior ::run [ RunTime:0.001155s ]
INFO: WriteHtmlCache Behavior ::run [ RunTime:0.000995s ]
INFO: ShowRuntime Behavior ::run [ RunTime:0.001934s ]
INFO: [ view_filter ] --END-- [ RunTime:0.007027s ]
INFO: [ view_end ] --START--
INFO: ShowPageTrace Behavior ::run [ RunTime:0.002422s ]
INFO: [ view_end ] --END-- [ RunTime:0.002543s ]

[ 2014-12-25T10:38:53+08:00 ] 127.0.0.1 /
INFO: [ app_begin ] --START--
INFO: ReadHtmlCache Behavior ::run [ RunTime:0.000940s ]
INFO: [ app_begin ] --END-- [ RunTime:0.001090s ]
INFO: [ view_parse ] --START--
INFO: ParseTemplate Behavior ::run [ RunTime:0.020171s ]
INFO: [ view_parse ] --END-- [ RunTime:0.020297s ]
INFO: [ view_filter ] --START--
INFO: ContentReplace Behavior ::run [ RunTime:0.000542s ]
INFO: TokenBuild Behavior ::run [ RunTime:0.000420s ]
INFO: WriteHtmlCache Behavior ::run [ RunTime:0.000328s ]
INFO: ShowRuntime Behavior ::run [ RunTime:0.000519s ]
INFO: [ view_filter ] --END-- [ RunTime:0.002034s ]
INFO: [ view_end ] --START--
INFO: ShowPageTrace Behavior ::run [ RunTime:0.001162s ]
INFO: [ view_end ] --END-- [ RunTime:0.001331s ]

[ 2014-12-25T10:38:56+08:00 ] 127.0.0.1 /index.php/Oauths/qq_login
INFO: [ route_check ] --START--
INFO: CheckRoute Behavior ::run [ RunTime:0.001832s ]
INFO: [ route_check ] --END-- [ RunTime:0.001957s ]
NOTIC: [2] array_walk_recursive() [<a href='function.array-walk-recursive'>function.array-walk-recursive</a>]: Unable to call filter_exp() - function does not exist D:\www\thinkphp3.1.3\lib\ThinkPHP\Lib\Core\App.class.php 第 57 行.
INFO: [ app_begin ] --START--
INFO: ReadHtmlCache Behavior ::run [ RunTime:0.001286s ]
INFO: [ app_begin ] --END-- [ RunTime:0.001358s ]
NOTIC: [2] Cannot modify header information - headers already sent by (output started at D:\www\thinkphp3.1.3\chyy\Lib\Action\OauthsAction.class.php:1) D:\www\thinkphp3.1.3\chyy\Lib\Action\OauthsAction.class.php 第 146 行.

[ 2014-12-25T10:40:20+08:00 ] 127.0.0.1 /index.php/Oauths/qq_login
INFO: [ route_check ] --START--
INFO: CheckRoute Behavior ::run [ RunTime:0.001517s ]
INFO: [ route_check ] --END-- [ RunTime:0.001708s ]
NOTIC: [2] array_walk_recursive() [<a href='function.array-walk-recursive'>function.array-walk-recursive</a>]: Unable to call filter_exp() - function does not exist D:\www\thinkphp3.1.3\lib\ThinkPHP\Lib\Core\App.class.php 第 57 行.
INFO: [ app_begin ] --START--
INFO: ReadHtmlCache Behavior ::run [ RunTime:0.001073s ]
INFO: [ app_begin ] --END-- [ RunTime:0.001181s ]
NOTIC: [2] Cannot modify header information - headers already sent by (output started at D:\www\thinkphp3.1.3\chyy\Lib\Action\OauthsAction.class.php:1) D:\www\thinkphp3.1.3\chyy\Lib\Action\OauthsAction.class.php 第 146 行.

[ 2014-12-25T10:40:21+08:00 ] 127.0.0.1 /index.php/Oauths/qq_login
INFO: [ route_check ] --START--
INFO: CheckRoute Behavior ::run [ RunTime:0.001927s ]
INFO: [ route_check ] --END-- [ RunTime:0.002077s ]
NOTIC: [2] array_walk_recursive() [<a href='function.array-walk-recursive'>function.array-walk-recursive</a>]: Unable to call filter_exp() - function does not exist D:\www\thinkphp3.1.3\lib\ThinkPHP\Lib\Core\App.class.php 第 57 行.
INFO: [ app_begin ] --START--
INFO: ReadHtmlCache Behavior ::run [ RunTime:0.000689s ]
INFO: [ app_begin ] --END-- [ RunTime:0.000759s ]
NOTIC: [2] Cannot modify header information - headers already sent by (output started at D:\www\thinkphp3.1.3\chyy\Lib\Action\OauthsAction.class.php:1) D:\www\thinkphp3.1.3\chyy\Lib\Action\OauthsAction.class.php 第 146 行.

[ 2014-12-25T10:40:22+08:00 ] 127.0.0.1 /index.php/Oauths/qq_login
INFO: [ route_check ] --START--
INFO: CheckRoute Behavior ::run [ RunTime:0.001483s ]
INFO: [ route_check ] --END-- [ RunTime:0.001623s ]
NOTIC: [2] array_walk_recursive() [<a href='function.array-walk-recursive'>function.array-walk-recursive</a>]: Unable to call filter_exp() - function does not exist D:\www\thinkphp3.1.3\lib\ThinkPHP\Lib\Core\App.class.php 第 57 行.
INFO: [ app_begin ] --START--
INFO: ReadHtmlCache Behavior ::run [ RunTime:0.000903s ]
INFO: [ app_begin ] --END-- [ RunTime:0.000987s ]
NOTIC: [2] Cannot modify header information - headers already sent by (output started at D:\www\thinkphp3.1.3\chyy\Lib\Action\OauthsAction.class.php:1) D:\www\thinkphp3.1.3\chyy\Lib\Action\OauthsAction.class.php 第 146 行.

[ 2014-12-25T10:44:33+08:00 ] 127.0.0.1 /
INFO: [ app_begin ] --START--
INFO: ReadHtmlCache Behavior ::run [ RunTime:0.003481s ]
INFO: [ app_begin ] --END-- [ RunTime:0.003621s ]
INFO: [ view_parse ] --START--
INFO: ParseTemplate Behavior ::run [ RunTime:0.032092s ]
INFO: [ view_parse ] --END-- [ RunTime:0.032204s ]
INFO: [ view_filter ] --START--
INFO: ContentReplace Behavior ::run [ RunTime:0.001222s ]
INFO: TokenBuild Behavior ::run [ RunTime:0.001169s ]
INFO: WriteHtmlCache Behavior ::run [ RunTime:0.000956s ]
INFO: ShowRuntime Behavior ::run [ RunTime:0.001229s ]
INFO: [ view_filter ] --END-- [ RunTime:0.004773s ]
INFO: [ view_end ] --START--
INFO: ShowPageTrace Behavior ::run [ RunTime:0.001476s ]
INFO: [ view_end ] --END-- [ RunTime:0.001569s ]

[ 2014-12-25T10:44:36+08:00 ] 127.0.0.1 /index.php/Oauth/qq_login
INFO: [ route_check ] --START--
INFO: CheckRoute Behavior ::run [ RunTime:0.002414s ]
INFO: [ route_check ] --END-- [ RunTime:0.002523s ]
NOTIC: [2] array_walk_recursive() [<a href='function.array-walk-recursive'>function.array-walk-recursive</a>]: Unable to call filter_exp() - function does not exist D:\www\thinkphp3.1.3\lib\ThinkPHP\Lib\Core\App.class.php 第 57 行.
INFO: [ app_begin ] --START--
INFO: ReadHtmlCache Behavior ::run [ RunTime:0.000725s ]
INFO: [ app_begin ] --END-- [ RunTime:0.000831s ]

[ 2014-12-25T13:55:43+08:00 ] 127.0.0.1 /
INFO: [ app_begin ] --START--
INFO: ReadHtmlCache Behavior ::run [ RunTime:0.001878s ]
INFO: [ app_begin ] --END-- [ RunTime:0.002085s ]
INFO: [ view_parse ] --START--
INFO: ParseTemplate Behavior ::run [ RunTime:0.022852s ]
INFO: [ view_parse ] --END-- [ RunTime:0.022960s ]
INFO: [ view_filter ] --START--
INFO: ContentReplace Behavior ::run [ RunTime:0.001225s ]
INFO: TokenBuild Behavior ::run [ RunTime:0.001757s ]
INFO: WriteHtmlCache Behavior ::run [ RunTime:0.002089s ]
INFO: ShowRuntime Behavior ::run [ RunTime:0.001897s ]
INFO: [ view_filter ] --END-- [ RunTime:0.007181s ]
INFO: [ view_end ] --START--
INFO: ShowPageTrace Behavior ::run [ RunTime:0.003013s ]
INFO: [ view_end ] --END-- [ RunTime:0.003143s ]

[ 2014-12-25T13:55:46+08:00 ] 127.0.0.1 /index.php/Oauth/weibologin
INFO: [ route_check ] --START--
INFO: CheckRoute Behavior ::run [ RunTime:0.002988s ]
INFO: [ route_check ] --END-- [ RunTime:0.003100s ]
NOTIC: [2] array_walk_recursive() [<a href='function.array-walk-recursive'>function.array-walk-recursive</a>]: Unable to call filter_exp() - function does not exist D:\www\thinkphp3.1.3\lib\ThinkPHP\Lib\Core\App.class.php 第 57 行.
INFO: [ app_begin ] --START--
INFO: ReadHtmlCache Behavior ::run [ RunTime:0.000791s ]
INFO: [ app_begin ] --END-- [ RunTime:0.000870s ]
NOTIC: [8] A session had already been started - ignoring session_start() D:\www\thinkphp3.1.3\chyy\Lib\Action\OauthAction.class.php 第 139 行.

[ 2014-12-25T13:57:44+08:00 ] 127.0.0.1 /
INFO: [ app_begin ] --START--
INFO: ReadHtmlCache Behavior ::run [ RunTime:0.003726s ]
INFO: [ app_begin ] --END-- [ RunTime:0.003835s ]
INFO: [ view_parse ] --START--
INFO: ParseTemplate Behavior ::run [ RunTime:0.022693s ]
INFO: [ view_parse ] --END-- [ RunTime:0.022793s ]
INFO: [ view_filter ] --START--
INFO: ContentReplace Behavior ::run [ RunTime:0.001203s ]
INFO: TokenBuild Behavior ::run [ RunTime:0.003793s ]
INFO: WriteHtmlCache Behavior ::run [ RunTime:0.004797s ]
INFO: ShowRuntime Behavior ::run [ RunTime:0.002943s ]
INFO: [ view_filter ] --END-- [ RunTime:0.013032s ]
INFO: [ view_end ] --START--
INFO: ShowPageTrace Behavior ::run [ RunTime:0.006808s ]
INFO: [ view_end ] --END-- [ RunTime:0.007188s ]

[ 2014-12-25T13:57:48+08:00 ] 127.0.0.1 /index.php/Oauth/weibologin
INFO: [ route_check ] --START--
INFO: CheckRoute Behavior ::run [ RunTime:0.002313s ]
INFO: [ route_check ] --END-- [ RunTime:0.002405s ]
NOTIC: [2] array_walk_recursive() [<a href='function.array-walk-recursive'>function.array-walk-recursive</a>]: Unable to call filter_exp() - function does not exist D:\www\thinkphp3.1.3\lib\ThinkPHP\Lib\Core\App.class.php 第 57 行.
INFO: [ app_begin ] --START--
INFO: ReadHtmlCache Behavior ::run [ RunTime:0.000684s ]
INFO: [ app_begin ] --END-- [ RunTime:0.000752s ]
NOTIC: [8] A session had already been started - ignoring session_start() D:\www\thinkphp3.1.3\chyy\Lib\Action\OauthAction.class.php 第 139 行.

[ 2014-12-25T14:09:41+08:00 ] 127.0.0.1 /
INFO: [ app_begin ] --START--
INFO: ReadHtmlCache Behavior ::run [ RunTime:0.002128s ]
INFO: [ app_begin ] --END-- [ RunTime:0.002323s ]
INFO: [ view_parse ] --START--
INFO: ParseTemplate Behavior ::run [ RunTime:0.023369s ]
INFO: [ view_parse ] --END-- [ RunTime:0.023476s ]
INFO: [ view_filter ] --START--
INFO: ContentReplace Behavior ::run [ RunTime:0.001330s ]
INFO: TokenBuild Behavior ::run [ RunTime:0.001964s ]
INFO: WriteHtmlCache Behavior ::run [ RunTime:0.001647s ]
INFO: ShowRuntime Behavior ::run [ RunTime:0.003019s ]
INFO: [ view_filter ] --END-- [ RunTime:0.008247s ]
INFO: [ view_end ] --START--
INFO: ShowPageTrace Behavior ::run [ RunTime:0.002536s ]
INFO: [ view_end ] --END-- [ RunTime:0.002661s ]

[ 2014-12-25T14:09:43+08:00 ] 127.0.0.1 /index.php/Oauth/weibologin
INFO: [ route_check ] --START--
INFO: CheckRoute Behavior ::run [ RunTime:0.003728s ]
INFO: [ route_check ] --END-- [ RunTime:0.003896s ]
NOTIC: [2] array_walk_recursive() [<a href='function.array-walk-recursive'>function.array-walk-recursive</a>]: Unable to call filter_exp() - function does not exist D:\www\thinkphp3.1.3\lib\ThinkPHP\Lib\Core\App.class.php 第 57 行.
INFO: [ app_begin ] --START--
INFO: ReadHtmlCache Behavior ::run [ RunTime:0.000810s ]
INFO: [ app_begin ] --END-- [ RunTime:0.000910s ]
NOTIC: [8] A session had already been started - ignoring session_start() D:\www\thinkphp3.1.3\chyy\Lib\Action\OauthAction.class.php 第 139 行.

[ 2014-12-25T14:22:47+08:00 ] 127.0.0.1 /
INFO: [ app_begin ] --START--
INFO: ReadHtmlCache Behavior ::run [ RunTime:0.003084s ]
INFO: [ app_begin ] --END-- [ RunTime:0.003194s ]
INFO: [ view_parse ] --START--
INFO: ParseTemplate Behavior ::run [ RunTime:0.027121s ]
INFO: [ view_parse ] --END-- [ RunTime:0.027246s ]
INFO: [ view_filter ] --START--
INFO: ContentReplace Behavior ::run [ RunTime:0.001323s ]
INFO: TokenBuild Behavior ::run [ RunTime:0.001943s ]
INFO: WriteHtmlCache Behavior ::run [ RunTime:0.001792s ]
INFO: ShowRuntime Behavior ::run [ RunTime:0.001922s ]
INFO: [ view_filter ] --END-- [ RunTime:0.007203s ]
INFO: [ view_end ] --START--
INFO: ShowPageTrace Behavior ::run [ RunTime:0.004092s ]
INFO: [ view_end ] --END-- [ RunTime:0.004191s ]

[ 2014-12-25T14:22:50+08:00 ] 127.0.0.1 /index.php/Oauth/weibologin
INFO: [ route_check ] --START--
INFO: CheckRoute Behavior ::run [ RunTime:0.003001s ]
INFO: [ route_check ] --END-- [ RunTime:0.003112s ]
NOTIC: [2] array_walk_recursive() [<a href='function.array-walk-recursive'>function.array-walk-recursive</a>]: Unable to call filter_exp() - function does not exist D:\www\thinkphp3.1.3\lib\ThinkPHP\Lib\Core\App.class.php 第 57 行.
INFO: [ app_begin ] --START--
INFO: ReadHtmlCache Behavior ::run [ RunTime:0.000682s ]
INFO: [ app_begin ] --END-- [ RunTime:0.000859s ]
NOTIC: [8] A session had already been started - ignoring session_start() D:\www\thinkphp3.1.3\chyy\Lib\Action\OauthAction.class.php 第 139 行.

[ 2014-12-25T15:07:02+08:00 ] 127.0.0.1 /
INFO: [ app_begin ] --START--
INFO: ReadHtmlCache Behavior ::run [ RunTime:0.002930s ]
INFO: [ app_begin ] --END-- [ RunTime:0.003049s ]
INFO: [ view_parse ] --START--
INFO: ParseTemplate Behavior ::run [ RunTime:0.090980s ]
INFO: [ view_parse ] --END-- [ RunTime:0.091089s ]
INFO: [ view_filter ] --START--
INFO: ContentReplace Behavior ::run [ RunTime:0.001672s ]
INFO: TokenBuild Behavior ::run [ RunTime:0.001965s ]
INFO: WriteHtmlCache Behavior ::run [ RunTime:0.001591s ]
INFO: ShowRuntime Behavior ::run [ RunTime:0.001700s ]
INFO: [ view_filter ] --END-- [ RunTime:0.007160s ]
INFO: [ view_end ] --START--
INFO: ShowPageTrace Behavior ::run [ RunTime:0.002847s ]
INFO: [ view_end ] --END-- [ RunTime:0.002959s ]

[ 2014-12-25T15:07:06+08:00 ] 127.0.0.1 /index.php/Oauth/weibologin
INFO: [ route_check ] --START--
INFO: CheckRoute Behavior ::run [ RunTime:0.130649s ]
INFO: [ route_check ] --END-- [ RunTime:0.130786s ]
NOTIC: [2] array_walk_recursive() [<a href='function.array-walk-recursive'>function.array-walk-recursive</a>]: Unable to call filter_exp() - function does not exist D:\www\thinkphp3.1.3\lib\ThinkPHP\Lib\Core\App.class.php 第 57 行.
INFO: [ app_begin ] --START--
INFO: ReadHtmlCache Behavior ::run [ RunTime:0.000886s ]
INFO: [ app_begin ] --END-- [ RunTime:0.001088s ]
NOTIC: [8] A session had already been started - ignoring session_start() D:\www\thinkphp3.1.3\chyy\Lib\Action\OauthAction.class.php 第 139 行.

[ 2014-12-25T15:07:38+08:00 ] 127.0.0.1 /index.php/
INFO: [ route_check ] --START--
INFO: CheckRoute Behavior ::run [ RunTime:0.001342s ]
INFO: [ route_check ] --END-- [ RunTime:0.001471s ]
INFO: [ app_begin ] --START--
INFO: ReadHtmlCache Behavior ::run [ RunTime:0.000692s ]
INFO: [ app_begin ] --END-- [ RunTime:0.000772s ]
INFO: [ view_parse ] --START--
INFO: ParseTemplate Behavior ::run [ RunTime:0.022137s ]
INFO: [ view_parse ] --END-- [ RunTime:0.022261s ]
INFO: [ view_filter ] --START--
INFO: ContentReplace Behavior ::run [ RunTime:0.000571s ]
INFO: TokenBuild Behavior ::run [ RunTime:0.000507s ]
INFO: WriteHtmlCache Behavior ::run [ RunTime:0.000355s ]
INFO: ShowRuntime Behavior ::run [ RunTime:0.000603s ]
INFO: [ view_filter ] --END-- [ RunTime:0.002252s ]
INFO: [ view_end ] --START--
INFO: ShowPageTrace Behavior ::run [ RunTime:0.001459s ]
INFO: [ view_end ] --END-- [ RunTime:0.001642s ]

[ 2014-12-25T15:07:40+08:00 ] 127.0.0.1 /index.php/Oauth/weibologin
INFO: [ route_check ] --START--
INFO: CheckRoute Behavior ::run [ RunTime:0.001670s ]
INFO: [ route_check ] --END-- [ RunTime:0.001864s ]
NOTIC: [2] array_walk_recursive() [<a href='function.array-walk-recursive'>function.array-walk-recursive</a>]: Unable to call filter_exp() - function does not exist D:\www\thinkphp3.1.3\lib\ThinkPHP\Lib\Core\App.class.php 第 57 行.
INFO: [ app_begin ] --START--
INFO: ReadHtmlCache Behavior ::run [ RunTime:0.001151s ]
INFO: [ app_begin ] --END-- [ RunTime:0.001278s ]
NOTIC: [8] A session had already been started - ignoring session_start() D:\www\thinkphp3.1.3\chyy\Lib\Action\OauthAction.class.php 第 139 行.

[ 2014-12-25T15:09:07+08:00 ] 127.0.0.1 /index.php
INFO: [ app_begin ] --START--
INFO: ReadHtmlCache Behavior ::run [ RunTime:0.002151s ]
INFO: [ app_begin ] --END-- [ RunTime:0.002330s ]
INFO: [ view_parse ] --START--
INFO: ParseTemplate Behavior ::run [ RunTime:0.037501s ]
INFO: [ view_parse ] --END-- [ RunTime:0.037638s ]
INFO: [ view_filter ] --START--
INFO: ContentReplace Behavior ::run [ RunTime:0.001715s ]
INFO: TokenBuild Behavior ::run [ RunTime:0.001454s ]
INFO: WriteHtmlCache Behavior ::run [ RunTime:0.001510s ]
INFO: ShowRuntime Behavior ::run [ RunTime:0.001294s ]
INFO: [ view_filter ] --END-- [ RunTime:0.006272s ]
INFO: [ view_end ] --START--
INFO: ShowPageTrace Behavior ::run [ RunTime:0.004364s ]
INFO: [ view_end ] --END-- [ RunTime:0.004526s ]

[ 2014-12-25T15:09:10+08:00 ] 127.0.0.1 /index.php/Oauth/weibologin
INFO: [ route_check ] --START--
INFO: CheckRoute Behavior ::run [ RunTime:0.001998s ]
INFO: [ route_check ] --END-- [ RunTime:0.002136s ]
NOTIC: [2] array_walk_recursive() [<a href='function.array-walk-recursive'>function.array-walk-recursive</a>]: Unable to call filter_exp() - function does not exist D:\www\thinkphp3.1.3\lib\ThinkPHP\Lib\Core\App.class.php 第 57 行.
INFO: [ app_begin ] --START--
INFO: ReadHtmlCache Behavior ::run [ RunTime:0.001086s ]
INFO: [ app_begin ] --END-- [ RunTime:0.001241s ]
NOTIC: [8] A session had already been started - ignoring session_start() D:\www\thinkphp3.1.3\chyy\Lib\Action\OauthAction.class.php 第 139 行.

[ 2014-12-25T15:34:13+08:00 ] 127.0.0.1 /
INFO: [ app_begin ] --START--
INFO: ReadHtmlCache Behavior ::run [ RunTime:0.001732s ]
INFO: [ app_begin ] --END-- [ RunTime:0.001912s ]
INFO: [ view_parse ] --START--
INFO: ParseTemplate Behavior ::run [ RunTime:0.027858s ]
INFO: [ view_parse ] --END-- [ RunTime:0.027982s ]
INFO: [ view_filter ] --START--
INFO: ContentReplace Behavior ::run [ RunTime:0.011990s ]
INFO: TokenBuild Behavior ::run [ RunTime:0.002322s ]
INFO: WriteHtmlCache Behavior ::run [ RunTime:0.001256s ]
INFO: ShowRuntime Behavior ::run [ RunTime:0.001709s ]
INFO: [ view_filter ] --END-- [ RunTime:0.017678s ]
INFO: [ view_end ] --START--
INFO: ShowPageTrace Behavior ::run [ RunTime:0.007891s ]
INFO: [ view_end ] --END-- [ RunTime:0.008054s ]

[ 2014-12-25T15:34:15+08:00 ] 127.0.0.1 /index.php/Oauth/weibologin
INFO: [ route_check ] --START--
INFO: CheckRoute Behavior ::run [ RunTime:0.002346s ]
INFO: [ route_check ] --END-- [ RunTime:0.002482s ]
NOTIC: [2] array_walk_recursive() [<a href='function.array-walk-recursive'>function.array-walk-recursive</a>]: Unable to call filter_exp() - function does not exist D:\www\thinkphp3.1.3\lib\ThinkPHP\Lib\Core\App.class.php 第 57 行.
INFO: [ app_begin ] --START--
INFO: ReadHtmlCache Behavior ::run [ RunTime:0.001109s ]
INFO: [ app_begin ] --END-- [ RunTime:0.001232s ]
NOTIC: [8] A session had already been started - ignoring session_start() D:\www\thinkphp3.1.3\chyy\Lib\Action\OauthAction.class.php 第 139 行.

[ 2014-12-25T15:34:16+08:00 ] 127.0.0.1 /index.php/Oauth/weibologin
INFO: [ route_check ] --START--
INFO: CheckRoute Behavior ::run [ RunTime:0.001900s ]
INFO: [ route_check ] --END-- [ RunTime:0.002136s ]
NOTIC: [2] array_walk_recursive() [<a href='function.array-walk-recursive'>function.array-walk-recursive</a>]: Unable to call filter_exp() - function does not exist D:\www\thinkphp3.1.3\lib\ThinkPHP\Lib\Core\App.class.php 第 57 行.
INFO: [ app_begin ] --START--
INFO: ReadHtmlCache Behavior ::run [ RunTime:0.001195s ]
INFO: [ app_begin ] --END-- [ RunTime:0.001334s ]
NOTIC: [8] A session had already been started - ignoring session_start() D:\www\thinkphp3.1.3\chyy\Lib\Action\OauthAction.class.php 第 139 行.

[ 2014-12-25T15:48:44+08:00 ] 127.0.0.1 /
INFO: [ app_begin ] --START--
INFO: ReadHtmlCache Behavior ::run [ RunTime:0.001447s ]
INFO: [ app_begin ] --END-- [ RunTime:0.001565s ]
INFO: [ view_parse ] --START--
INFO: ParseTemplate Behavior ::run [ RunTime:0.030695s ]
INFO: [ view_parse ] --END-- [ RunTime:0.030796s ]
INFO: [ view_filter ] --START--
INFO: ContentReplace Behavior ::run [ RunTime:0.001416s ]
INFO: TokenBuild Behavior ::run [ RunTime:0.001166s ]
INFO: WriteHtmlCache Behavior ::run [ RunTime:0.001040s ]
INFO: ShowRuntime Behavior ::run [ RunTime:0.001285s ]
INFO: [ view_filter ] --END-- [ RunTime:0.005113s ]
INFO: [ view_end ] --START--
INFO: ShowPageTrace Behavior ::run [ RunTime:0.002339s ]
INFO: [ view_end ] --END-- [ RunTime:0.002458s ]

[ 2014-12-25T15:48:47+08:00 ] 127.0.0.1 /index.php/Oauth/weibologin
INFO: [ route_check ] --START--
INFO: CheckRoute Behavior ::run [ RunTime:0.002648s ]
INFO: [ route_check ] --END-- [ RunTime:0.002793s ]
NOTIC: [2] array_walk_recursive() [<a href='function.array-walk-recursive'>function.array-walk-recursive</a>]: Unable to call filter_exp() - function does not exist D:\www\thinkphp3.1.3\lib\ThinkPHP\Lib\Core\App.class.php 第 57 行.
INFO: [ app_begin ] --START--
INFO: ReadHtmlCache Behavior ::run [ RunTime:0.000899s ]
INFO: [ app_begin ] --END-- [ RunTime:0.001011s ]
NOTIC: [8] A session had already been started - ignoring session_start() D:\www\thinkphp3.1.3\chyy\Lib\Action\OauthAction.class.php 第 139 行.

[ 2014-12-25T15:58:17+08:00 ] 127.0.0.1 /
INFO: [ app_begin ] --START--
INFO: ReadHtmlCache Behavior ::run [ RunTime:0.001630s ]
INFO: [ app_begin ] --END-- [ RunTime:0.001939s ]
INFO: [ view_parse ] --START--
INFO: ParseTemplate Behavior ::run [ RunTime:0.025783s ]
INFO: [ view_parse ] --END-- [ RunTime:0.025916s ]
INFO: [ view_filter ] --START--
INFO: ContentReplace Behavior ::run [ RunTime:0.001436s ]
INFO: TokenBuild Behavior ::run [ RunTime:0.001288s ]
INFO: WriteHtmlCache Behavior ::run [ RunTime:0.001157s ]
INFO: ShowRuntime Behavior ::run [ RunTime:0.001428s ]
INFO: [ view_filter ] --END-- [ RunTime:0.005508s ]
INFO: [ view_end ] --START--
INFO: ShowPageTrace Behavior ::run [ RunTime:0.002388s ]
INFO: [ view_end ] --END-- [ RunTime:0.002521s ]

[ 2014-12-25T15:58:19+08:00 ] 127.0.0.1 /index.php/Oauth/weibologin
INFO: [ route_check ] --START--
INFO: CheckRoute Behavior ::run [ RunTime:0.001790s ]
INFO: [ route_check ] --END-- [ RunTime:0.001884s ]
NOTIC: [2] array_walk_recursive() [<a href='function.array-walk-recursive'>function.array-walk-recursive</a>]: Unable to call filter_exp() - function does not exist D:\www\thinkphp3.1.3\lib\ThinkPHP\Lib\Core\App.class.php 第 57 行.
INFO: [ app_begin ] --START--
INFO: ReadHtmlCache Behavior ::run [ RunTime:0.001334s ]
INFO: [ app_begin ] --END-- [ RunTime:0.001432s ]
NOTIC: [8] A session had already been started - ignoring session_start() D:\www\thinkphp3.1.3\chyy\Lib\Action\OauthAction.class.php 第 139 行.

[ 2014-12-25T15:58:45+08:00 ] 127.0.0.1 /
INFO: [ app_begin ] --START--
INFO: ReadHtmlCache Behavior ::run [ RunTime:0.000729s ]
INFO: [ app_begin ] --END-- [ RunTime:0.000829s ]
INFO: [ view_parse ] --START--
INFO: ParseTemplate Behavior ::run [ RunTime:0.021203s ]
INFO: [ view_parse ] --END-- [ RunTime:0.021308s ]
INFO: [ view_filter ] --START--
INFO: ContentReplace Behavior ::run [ RunTime:0.000711s ]
INFO: TokenBuild Behavior ::run [ RunTime:0.000566s ]
INFO: WriteHtmlCache Behavior ::run [ RunTime:0.000468s ]
INFO: ShowRuntime Behavior ::run [ RunTime:0.000736s ]
INFO: [ view_filter ] --END-- [ RunTime:0.002701s ]
INFO: [ view_end ] --START--
INFO: ShowPageTrace Behavior ::run [ RunTime:0.001157s ]
INFO: [ view_end ] --END-- [ RunTime:0.001266s ]

[ 2014-12-25T15:58:48+08:00 ] 127.0.0.1 /index.php/Oauth/weibologin
INFO: [ route_check ] --START--
INFO: CheckRoute Behavior ::run [ RunTime:0.001192s ]
INFO: [ route_check ] --END-- [ RunTime:0.001301s ]
NOTIC: [2] array_walk_recursive() [<a href='function.array-walk-recursive'>function.array-walk-recursive</a>]: Unable to call filter_exp() - function does not exist D:\www\thinkphp3.1.3\lib\ThinkPHP\Lib\Core\App.class.php 第 57 行.
INFO: [ app_begin ] --START--
INFO: ReadHtmlCache Behavior ::run [ RunTime:0.000709s ]
INFO: [ app_begin ] --END-- [ RunTime:0.000784s ]
NOTIC: [8] A session had already been started - ignoring session_start() D:\www\thinkphp3.1.3\chyy\Lib\Action\OauthAction.class.php 第 139 行.

[ 2014-12-25T16:26:12+08:00 ] 127.0.0.1 /
INFO: [ app_begin ] --START--
INFO: ReadHtmlCache Behavior ::run [ RunTime:0.001766s ]
INFO: [ app_begin ] --END-- [ RunTime:0.001948s ]
INFO: [ view_parse ] --START--
INFO: ParseTemplate Behavior ::run [ RunTime:0.028290s ]
INFO: [ view_parse ] --END-- [ RunTime:0.028398s ]
INFO: [ view_filter ] --START--
INFO: ContentReplace Behavior ::run [ RunTime:0.001363s ]
INFO: TokenBuild Behavior ::run [ RunTime:0.001197s ]
INFO: WriteHtmlCache Behavior ::run [ RunTime:0.001016s ]
INFO: ShowRuntime Behavior ::run [ RunTime:0.001230s ]
INFO: [ view_filter ] --END-- [ RunTime:0.005008s ]
INFO: [ view_end ] --START--
INFO: ShowPageTrace Behavior ::run [ RunTime:0.002645s ]
INFO: [ view_end ] --END-- [ RunTime:0.002851s ]

[ 2014-12-25T16:26:16+08:00 ] 127.0.0.1 /index.php/Oauth/weibologin
INFO: [ route_check ] --START--
INFO: CheckRoute Behavior ::run [ RunTime:0.002020s ]
INFO: [ route_check ] --END-- [ RunTime:0.002143s ]
NOTIC: [2] array_walk_recursive() [<a href='function.array-walk-recursive'>function.array-walk-recursive</a>]: Unable to call filter_exp() - function does not exist D:\www\thinkphp3.1.3\lib\ThinkPHP\Lib\Core\App.class.php 第 57 行.
INFO: [ app_begin ] --START--
INFO: ReadHtmlCache Behavior ::run [ RunTime:0.000640s ]
INFO: [ app_begin ] --END-- [ RunTime:0.000711s ]
NOTIC: [8] A session had already been started - ignoring session_start() D:\www\thinkphp3.1.3\chyy\Lib\Action\OauthAction.class.php 第 139 行.
NOTIC: [8] Undefined variable: o D:\www\thinkphp3.1.3\chyy\Lib\Action\OauthAction.class.php 第 142 行.

[ 2014-12-25T16:32:01+08:00 ] 127.0.0.1 /index.php/Oauth/weibologin
INFO: [ route_check ] --START--
INFO: CheckRoute Behavior ::run [ RunTime:0.002116s ]
INFO: [ route_check ] --END-- [ RunTime:0.002247s ]
NOTIC: [2] array_walk_recursive() [<a href='function.array-walk-recursive'>function.array-walk-recursive</a>]: Unable to call filter_exp() - function does not exist D:\www\thinkphp3.1.3\lib\ThinkPHP\Lib\Core\App.class.php 第 57 行.
INFO: [ app_begin ] --START--
INFO: ReadHtmlCache Behavior ::run [ RunTime:0.001625s ]
INFO: [ app_begin ] --END-- [ RunTime:0.001736s ]
NOTIC: [8] A session had already been started - ignoring session_start() D:\www\thinkphp3.1.3\chyy\Lib\Action\OauthAction.class.php 第 139 行.

[ 2014-12-25T16:55:21+08:00 ] 127.0.0.1 /
INFO: [ app_begin ] --START--
INFO: ReadHtmlCache Behavior ::run [ RunTime:0.001920s ]
INFO: [ app_begin ] --END-- [ RunTime:0.002132s ]
INFO: [ view_parse ] --START--
INFO: ParseTemplate Behavior ::run [ RunTime:0.026262s ]
INFO: [ view_parse ] --END-- [ RunTime:0.026482s ]
INFO: [ view_filter ] --START--
INFO: ContentReplace Behavior ::run [ RunTime:0.001843s ]
INFO: TokenBuild Behavior ::run [ RunTime:0.001133s ]
INFO: WriteHtmlCache Behavior ::run [ RunTime:0.000960s ]
INFO: ShowRuntime Behavior ::run [ RunTime:0.001209s ]
INFO: [ view_filter ] --END-- [ RunTime:0.005352s ]
INFO: [ view_end ] --START--
INFO: ShowPageTrace Behavior ::run [ RunTime:0.002184s ]
INFO: [ view_end ] --END-- [ RunTime:0.002341s ]

[ 2014-12-25T16:55:28+08:00 ] 127.0.0.1 /index.php/Oauth/weibologin
INFO: [ route_check ] --START--
INFO: CheckRoute Behavior ::run [ RunTime:0.002735s ]
INFO: [ route_check ] --END-- [ RunTime:0.002879s ]
NOTIC: [2] array_walk_recursive() [<a href='function.array-walk-recursive'>function.array-walk-recursive</a>]: Unable to call filter_exp() - function does not exist D:\www\thinkphp3.1.3\lib\ThinkPHP\Lib\Core\App.class.php 第 57 行.
INFO: [ app_begin ] --START--
INFO: ReadHtmlCache Behavior ::run [ RunTime:0.000686s ]
INFO: [ app_begin ] --END-- [ RunTime:0.000766s ]
NOTIC: [8] A session had already been started - ignoring session_start() D:\www\thinkphp3.1.3\chyy\Lib\Action\OauthAction.class.php 第 143 行.
NOTIC: [2] require(.lib/ThinkPHP/Extend/Vendor/sdk/sina/OauthException.php) [<a href='function.require'>function.require</a>]: failed to open stream: No such file or directory D:\www\thinkphp3.1.3\chyy\Lib\Action\OauthAction.class.php 第 145 行.

[ 2014-12-25T16:55:52+08:00 ] 127.0.0.1 /index.php/Oauth/weibologin
INFO: [ route_check ] --START--
INFO: CheckRoute Behavior ::run [ RunTime:0.001439s ]
INFO: [ route_check ] --END-- [ RunTime:0.001582s ]
NOTIC: [2] array_walk_recursive() [<a href='function.array-walk-recursive'>function.array-walk-recursive</a>]: Unable to call filter_exp() - function does not exist D:\www\thinkphp3.1.3\lib\ThinkPHP\Lib\Core\App.class.php 第 57 行.
INFO: [ app_begin ] --START--
INFO: ReadHtmlCache Behavior ::run [ RunTime:0.001055s ]
INFO: [ app_begin ] --END-- [ RunTime:0.001347s ]
NOTIC: [8] A session had already been started - ignoring session_start() D:\www\thinkphp3.1.3\chyy\Lib\Action\OauthAction.class.php 第 143 行.

[ 2014-12-25T17:11:17+08:00 ] 127.0.0.1 /
INFO: [ app_begin ] --START--
INFO: ReadHtmlCache Behavior ::run [ RunTime:0.001552s ]
INFO: [ app_begin ] --END-- [ RunTime:0.001665s ]
INFO: [ view_parse ] --START--
INFO: ParseTemplate Behavior ::run [ RunTime:0.026550s ]
INFO: [ view_parse ] --END-- [ RunTime:0.026695s ]
INFO: [ view_filter ] --START--
INFO: ContentReplace Behavior ::run [ RunTime:0.001424s ]
INFO: TokenBuild Behavior ::run [ RunTime:0.001332s ]
INFO: WriteHtmlCache Behavior ::run [ RunTime:0.001780s ]
INFO: ShowRuntime Behavior ::run [ RunTime:0.002759s ]
INFO: [ view_filter ] --END-- [ RunTime:0.007691s ]
INFO: [ view_end ] --START--
INFO: ShowPageTrace Behavior ::run [ RunTime:0.003024s ]
INFO: [ view_end ] --END-- [ RunTime:0.003182s ]

[ 2014-12-25T17:11:20+08:00 ] 127.0.0.1 /index.php/Oauth/weibologin
INFO: [ route_check ] --START--
INFO: CheckRoute Behavior ::run [ RunTime:0.003399s ]
INFO: [ route_check ] --END-- [ RunTime:0.003578s ]
NOTIC: [2] array_walk_recursive() [<a href='function.array-walk-recursive'>function.array-walk-recursive</a>]: Unable to call filter_exp() - function does not exist D:\www\thinkphp3.1.3\lib\ThinkPHP\Lib\Core\App.class.php 第 57 行.
INFO: [ app_begin ] --START--
INFO: ReadHtmlCache Behavior ::run [ RunTime:0.001423s ]
INFO: [ app_begin ] --END-- [ RunTime:0.001559s ]
NOTIC: [8] A session had already been started - ignoring session_start() D:\www\thinkphp3.1.3\chyy\Lib\Action\OauthAction.class.php 第 143 行.

